2025-10-28 00:01:49, MOVE, v:1, k:poo@motoca, mode:DOWN
2025-10-28 00:01:51, MOVE, v:1, k:poo@grafite, mode:DOWN
2025-10-28 00:01:52, MOVE, v:1, k:poo@motouber, mode:DOWN
2025-10-28 00:01:53, MOVE, v:1, k:poo@notebook, mode:DOWN
2025-10-28 00:01:54, MOVE, v:1, k:poo@charger, mode:DOWN
2025-10-28 00:01:56, MOVE, v:1, k:poo@tamagotchi, mode:DOWN
2025-10-28 01:44:45, MOVE, v:1, k:poo@motoca, mode:PICK
2025-10-28 01:44:52, EXEC, v:1, k:poo@motoca, mode:FULL, rate:0, size:22
2025-10-28 01:45:02, MOVE, v:1, k:poo@motoca, mode:BACK
2025-10-28 02:41:06, MOVE, v:1, k:poo@motoca, mode:PICK
2025-10-28 02:41:07, EXEC, v:1, k:poo@motoca, mode:FULL, rate:0, size:112
2025-10-28 02:41:54, EXEC, v:1, k:poo@motoca, mode:FULL, rate:0, size:112
2025-10-28 02:42:01, MOVE, v:1, k:poo@motoca, mode:BACK
2025-10-28 02:42:31, MOVE, v:1, k:poo@motoca, mode:PICK
2025-10-28 02:42:33, EXEC, v:1, k:poo@motoca, mode:FULL, rate:0, size:112
2025-10-28 02:43:18, EXEC, v:1, k:poo@motoca, mode:FULL, rate:0, size:114
2025-10-28 02:43:22, MOVE, v:1, k:poo@motoca, mode:BACK
2025-10-28 02:43:47, MOVE, v:1, k:poo@motoca, mode:PICK
2025-10-28 02:43:50, EXEC, v:1, k:poo@motoca, mode:FULL, rate:100, size:216
2025-10-28 02:44:02, MOVE, v:1, k:poo@motoca, mode:BACK
2025-10-28 02:44:11, MOVE, v:1, k:poo@motoca, mode:PICK
2025-10-28 02:44:13, EXEC, v:1, k:poo@motoca, mode:FULL, rate:0, size:114
2025-10-28 11:02:13, MOVE, v:1, k:poo@grafite, mode:PICK
2025-10-28 11:02:19, MOVE, v:1, k:poo@grafite, mode:BACK
2025-10-28 12:25:19, MOVE, v:1, k:poo@grafite, mode:PICK
2025-10-28 12:25:21, EXEC, v:1, k:poo@grafite, mode:FULL, rate:0, size:132
2025-10-28 12:26:00, EXEC, v:1, k:poo@grafite, mode:FULL, rate:90, size:135
2025-10-28 12:26:24, EXEC, v:1, k:poo@grafite, mode:FULL, rate:100, size:135
2025-10-28 12:26:47, MOVE, v:1, k:poo@grafite, mode:BACK
2025-10-28 12:31:29, SELF, v:1, k:poo@grafite, rate:100, human:s, iagen:s, alone:5
2025-10-28 12:32:13, SELF, v:1, k:poo@grafite, rate:100, human:s, iagen:s, alone:10
2025-10-28 13:01:15, MOVE, v:1, k:poo@motoca, mode:PICK
2025-10-28 13:01:17, EXEC, v:1, k:poo@motoca, mode:FULL, rate:0, size:125
2025-10-28 13:02:37, EXEC, v:1, k:poo@motoca, mode:FULL, rate:100, size:220
2025-10-28 13:02:43, EXEC, v:1, k:poo@motoca, mode:FULL, rate:0, size:125
2025-10-28 13:03:14, EXEC, v:1, k:poo@motoca, mode:FULL, rate:0, size:125
2025-10-28 13:06:27, EXEC, v:1, k:poo@motoca, mode:FULL, rate:0, size:125
2025-10-28 13:08:07, EXEC, v:1, k:poo@motoca, mode:FULL, rate:0, size:126
2025-10-28 13:09:15, EXEC, v:1, k:poo@motoca, mode:FULL, rate:26, size:125
2025-10-28 13:11:21, EXEC, v:1, k:poo@motoca, mode:FULL, rate:33, size:125
2025-10-28 13:12:26, EXEC, v:1, k:poo@motoca, mode:FULL, rate:33, size:125
2025-10-28 13:12:51, EXEC, v:1, k:poo@motoca, mode:FULL, rate:100, size:125
2025-10-28 13:12:54, MOVE, v:1, k:poo@motoca, mode:BACK
2025-10-28 13:13:31, SELF, v:1, k:poo@motoca, rate:100, human:s, iagen:s, alone:10
2025-10-28 13:37:31, MOVE, v:1, k:poo@motouber, mode:PICK
2025-10-28 13:37:31, EXEC, v:1, k:poo@motouber, mode:FULL, rate:0, size:84
2025-10-28 13:37:48, EXEC, v:1, k:poo@motouber, mode:FULL, rate:0, size:84
2025-10-28 13:43:22, EXEC, v:1, k:poo@motouber, mode:FULL, rate:0, size:105
2025-10-28 13:43:29, EXEC, v:1, k:poo@motouber, mode:FULL, rate:0, size:104
2025-10-28 13:45:58, EXEC, v:1, k:poo@motouber, mode:FULL, rate:0, size:119
2025-10-28 13:47:23, EXEC, v:1, k:poo@motouber, mode:FULL, rate:0, size:119
2025-10-28 13:47:33, EXEC, v:1, k:poo@motouber, mode:FULL, rate:0, size:119
2025-10-28 13:47:43, EXEC, v:1, k:poo@motouber, mode:FULL, rate:0, size:119
2025-10-28 13:50:58, EXEC, v:1, k:poo@motouber, mode:FULL, rate:0, size:119
2025-10-28 13:51:14, EXEC, v:1, k:poo@motouber, mode:FULL, rate:100, size:119
2025-10-28 13:51:18, MOVE, v:1, k:poo@motouber, mode:BACK
2025-10-28 13:51:45, SELF, v:1, k:poo@motouber, rate:100, human:s, iagen:s
2025-10-28 13:51:59, MOVE, v:1, k:poo@motouber, mode:PICK
2025-10-28 13:52:01, EXEC, v:1, k:poo@motouber, mode:FULL, rate:100
2025-10-28 13:52:03, MOVE, v:1, k:poo@motouber, mode:BACK
2025-10-28 16:08:19, MOVE, v:1, k:poo@charger, mode:PICK
2025-10-28 16:08:20, EXEC, v:1, k:poo@charger, mode:FULL, rate:0, size:171
2025-10-28 16:09:41, MOVE, v:1, k:poo@charger, mode:PICK
2025-10-28 16:09:42, EXEC, v:1, k:poo@charger, mode:FULL, rate:0, size:171
2025-10-28 16:09:52, EXEC, v:1, k:poo@charger, mode:FULL, rate:0, size:171
2025-10-28 16:10:03, EXEC, v:1, k:poo@charger, mode:FULL, rate:0, size:171
2025-10-28 16:13:19, EXEC, v:1, k:poo@charger, mode:FULL, rate:0, size:171
2025-10-28 16:15:41, EXEC, v:1, k:poo@charger, mode:FULL, rate:15, size:171
2025-10-28 16:17:01, EXEC, v:1, k:poo@charger, mode:FULL, rate:0, size:171
2025-10-28 16:17:13, EXEC, v:1, k:poo@charger, mode:FULL, rate:15, size:171
